2024-10-29T16:35:14.348+05:30  INFO [users-ws, , ] 9432 --- [users-ws] [main] c.v.v.V2microtwoApplicationTests         : Starting V2microtwoApplicationTests using Java 21.0.4 with PID 9432 (started by LENOVO in C:\Users\LENOVO\Documents\springboot-workspace\springboot3-micro\withoutUImulti\v2microtwo)
2024-10-29T16:35:14.351+05:30  INFO [users-ws, , ] 9432 --- [users-ws] [main] c.v.v.V2microtwoApplicationTests         : No active profile set, falling back to 1 default profile: "default"
2024-10-29T16:35:17.485+05:30  INFO [users-ws, , ] 9432 --- [users-ws] [main] .s.d.r.c.RepositoryConfigurationDelegate : Bootstrapping Spring Data JPA repositories in DEFAULT mode.
2024-10-29T16:35:17.814+05:30  INFO [users-ws, , ] 9432 --- [users-ws] [main] .s.d.r.c.RepositoryConfigurationDelegate : Finished Spring Data repository scanning in 275 ms. Found 3 JPA repository interfaces.
2024-10-29T16:35:18.790+05:30  INFO [users-ws, , ] 9432 --- [users-ws] [main] o.s.cloud.context.scope.GenericScope     : BeanFactory id=937b887c-06de-38ea-af2e-ed4e04ad3ed5
2024-10-29T16:35:19.764+05:30  WARN [users-ws, , ] 9432 --- [users-ws] [main] trationDelegate$BeanPostProcessorChecker : Bean 'org.springframework.cloud.client.loadbalancer.LoadBalancerAutoConfiguration$DeferringLoadBalancerInterceptorConfig' of type [org.springframework.cloud.client.loadbalancer.LoadBalancerAutoConfiguration$DeferringLoadBalancerInterceptorConfig] is not eligible for getting processed by all BeanPostProcessors (for example: not eligible for auto-proxying). The currently created BeanPostProcessor [lbRestClientPostProcessor] is declared through a non-static factory method on that class; consider declaring it as static instead.
2024-10-29T16:35:19.777+05:30  WARN [users-ws, , ] 9432 --- [users-ws] [main] trationDelegate$BeanPostProcessorChecker : Bean 'deferringLoadBalancerInterceptor' of type [org.springframework.cloud.client.loadbalancer.DeferringLoadBalancerInterceptor] is not eligible for getting processed by all BeanPostProcessors (for example: not eligible for auto-proxying). Is this bean getting eagerly injected into a currently created BeanPostProcessor [lbRestClientPostProcessor]? Check the corresponding BeanPostProcessor declaration and its dependencies.
2024-10-29T16:35:20.354+05:30  INFO [users-ws, , ] 9432 --- [users-ws] [main] com.zaxxer.hikari.HikariDataSource       : HikariPool-1 - Starting...
2024-10-29T16:35:20.840+05:30  INFO [users-ws, , ] 9432 --- [users-ws] [main] com.zaxxer.hikari.pool.HikariPool        : HikariPool-1 - Added connection conn0: url=jdbc:h2:mem:testdb user=SA
2024-10-29T16:35:20.845+05:30  INFO [users-ws, , ] 9432 --- [users-ws] [main] com.zaxxer.hikari.HikariDataSource       : HikariPool-1 - Start completed.
2024-10-29T16:35:20.977+05:30  INFO [users-ws, , ] 9432 --- [users-ws] [main] o.hibernate.jpa.internal.util.LogHelper  : HHH000204: Processing PersistenceUnitInfo [name: default]
2024-10-29T16:35:21.182+05:30  INFO [users-ws, , ] 9432 --- [users-ws] [main] org.hibernate.Version                    : HHH000412: Hibernate ORM core version 6.4.1.Final
2024-10-29T16:35:21.295+05:30  INFO [users-ws, , ] 9432 --- [users-ws] [main] o.h.c.internal.RegionFactoryInitiator    : HHH000026: Second-level cache disabled
2024-10-29T16:35:22.128+05:30  INFO [users-ws, , ] 9432 --- [users-ws] [main] o.s.o.j.p.SpringPersistenceUnitInfo      : No LoadTimeWeaver setup: ignoring JPA class transformer
2024-10-29T16:35:22.273+05:30  WARN [users-ws, , ] 9432 --- [users-ws] [main] org.hibernate.orm.deprecation            : HHH90000025: H2Dialect does not need to be specified explicitly using 'hibernate.dialect' (remove the property setting and it will be selected by default)
2024-10-29T16:35:24.489+05:30  INFO [users-ws, , ] 9432 --- [users-ws] [main] o.h.e.t.j.p.i.JtaPlatformInitiator       : HHH000489: No JTA platform available (set 'hibernate.transaction.jta.platform' to enable JTA platform integration)
2024-10-29T16:35:24.580+05:30  INFO [users-ws, , ] 9432 --- [users-ws] [main] j.LocalContainerEntityManagerFactoryBean : Initialized JPA EntityManagerFactory for persistence unit 'default'
2024-10-29T16:35:26.221+05:30  WARN [users-ws, , ] 9432 --- [users-ws] [main] JpaBaseConfiguration$JpaWebConfiguration : spring.jpa.open-in-view is enabled by default. Therefore, database queries may be performed during view rendering. Explicitly configure spring.jpa.open-in-view to disable this warning
2024-10-29T16:35:28.007+05:30  INFO [users-ws, , ] 9432 --- [users-ws] [main] o.s.s.web.DefaultSecurityFilterChain     : Will secure any request with [org.springframework.security.web.session.DisableEncodeUrlFilter@4bcfa08b, org.springframework.security.web.context.request.async.WebAsyncManagerIntegrationFilter@1e90939f, org.springframework.security.web.context.SecurityContextHolderFilter@1264dbc9, org.springframework.security.web.header.HeaderWriterFilter@4487dce, org.springframework.web.filter.CorsFilter@20bc6f4d, org.springframework.security.web.authentication.logout.LogoutFilter@2c855eb7, com.v2micro.security.AuthenticationFilter@7b491b89, com.v2micro.security.AuthorizationFilter@4d343793, org.springframework.security.web.savedrequest.RequestCacheAwareFilter@340ef431, org.springframework.security.web.servletapi.SecurityContextHolderAwareRequestFilter@494e7290, org.springframework.security.web.authentication.AnonymousAuthenticationFilter@57a259c1, org.springframework.security.web.session.SessionManagementFilter@3787eac3, org.springframework.security.web.access.ExceptionTranslationFilter@3e1f6318, org.springframework.security.web.access.intercept.AuthorizationFilter@1a9ba6c2]
2024-10-29T16:35:30.520+05:30  INFO [users-ws, , ] 9432 --- [users-ws] [main] o.s.b.a.h2.H2ConsoleAutoConfiguration    : H2 console available at '/h2-console'. Database available at 'jdbc:h2:mem:testdb'
2024-10-29T16:35:31.923+05:30  INFO [users-ws, , ] 9432 --- [users-ws] [main] o.s.cloud.commons.util.InetUtils         : Cannot determine local hostname
2024-10-29T16:35:32.074+05:30  INFO [users-ws, , ] 9432 --- [users-ws] [main] DiscoveryClientOptionalArgsConfiguration : Eureka HTTP Client uses RestTemplate.
2024-10-29T16:35:33.129+05:30  INFO [users-ws, , ] 9432 --- [users-ws] [main] o.s.cloud.commons.util.InetUtils         : Cannot determine local hostname
2024-10-29T16:35:33.430+05:30  WARN [users-ws, , ] 9432 --- [users-ws] [main] iguration$LoadBalancerCaffeineWarnLogger : Spring Cloud LoadBalancer is currently working with the default cache. While this cache implementation is useful for development and tests, it's recommended to use Caffeine cache in production.You can switch to using Caffeine cache, by adding it and org.springframework.cache.caffeine.CaffeineCacheManager to the classpath.
2024-10-29T16:35:33.517+05:30  INFO [users-ws, , ] 9432 --- [users-ws] [main] c.v.v.V2microtwoApplicationTests         : Started V2microtwoApplicationTests in 21.099 seconds (process running for 23.911)
2024-10-29T16:35:33.549+05:30  INFO [users-ws, , ] 9432 --- [users-ws] [main] com.v2micro.data.InitialUsersSetup       : From Application Ready Event
2024-10-29T16:35:36.136+05:30  INFO [users-ws, , ] 9432 --- [users-ws] [SpringApplicationShutdownHook] o.s.c.n.eureka.InstanceInfoFactory       : Setting initial instance status as: STARTING
2024-10-29T16:35:36.144+05:30  INFO [users-ws, , ] 9432 --- [users-ws] [SpringApplicationShutdownHook] o.s.c.n.e.s.EurekaServiceRegistry        : Unregistering application USERS-WS with eureka with status DOWN
2024-10-29T16:35:36.158+05:30  INFO [users-ws, , ] 9432 --- [users-ws] [SpringApplicationShutdownHook] j.LocalContainerEntityManagerFactoryBean : Closing JPA EntityManagerFactory for persistence unit 'default'
2024-10-29T16:35:36.175+05:30  INFO [users-ws, , ] 9432 --- [users-ws] [SpringApplicationShutdownHook] com.zaxxer.hikari.HikariDataSource       : HikariPool-1 - Shutdown initiated...
2024-10-29T16:35:36.181+05:30  INFO [users-ws, , ] 9432 --- [users-ws] [SpringApplicationShutdownHook] com.zaxxer.hikari.HikariDataSource       : HikariPool-1 - Shutdown completed.
2024-10-29T16:37:20.348+05:30  INFO [users-ws, , ] 12744 --- [users-ws] [restartedMain] com.v2micro.V2usermultiApplication       : Starting V2usermultiApplication using Java 21.0.4 with PID 12744 (C:\Users\LENOVO\Documents\springboot-workspace\springboot3-micro\withoutUImulti\v2microtwo\target\classes started by LENOVO in C:\Users\LENOVO\Documents\springboot-workspace\springboot3-micro\withoutUImulti\v2microtwo)
2024-10-29T16:37:20.356+05:30  INFO [users-ws, , ] 12744 --- [users-ws] [restartedMain] com.v2micro.V2usermultiApplication       : No active profile set, falling back to 1 default profile: "default"
2024-10-29T16:37:20.469+05:30  INFO [users-ws, , ] 12744 --- [users-ws] [restartedMain] .e.DevToolsPropertyDefaultsPostProcessor : Devtools property defaults active! Set 'spring.devtools.add-properties' to 'false' to disable
2024-10-29T16:37:20.470+05:30  INFO [users-ws, , ] 12744 --- [users-ws] [restartedMain] .e.DevToolsPropertyDefaultsPostProcessor : For additional web related logging consider setting the 'logging.level.web' property to 'DEBUG'
2024-10-29T16:37:22.195+05:30  INFO [users-ws, , ] 12744 --- [users-ws] [restartedMain] .s.d.r.c.RepositoryConfigurationDelegate : Bootstrapping Spring Data JPA repositories in DEFAULT mode.
2024-10-29T16:37:22.440+05:30  INFO [users-ws, , ] 12744 --- [users-ws] [restartedMain] .s.d.r.c.RepositoryConfigurationDelegate : Finished Spring Data repository scanning in 229 ms. Found 3 JPA repository interfaces.
2024-10-29T16:37:23.068+05:30  INFO [users-ws, , ] 12744 --- [users-ws] [restartedMain] o.s.cloud.context.scope.GenericScope     : BeanFactory id=f1f53c6e-9cea-32a3-bf7f-e5ba2d8d96ed
2024-10-29T16:37:23.640+05:30  WARN [users-ws, , ] 12744 --- [users-ws] [restartedMain] trationDelegate$BeanPostProcessorChecker : Bean 'org.springframework.cloud.client.loadbalancer.LoadBalancerAutoConfiguration$DeferringLoadBalancerInterceptorConfig' of type [org.springframework.cloud.client.loadbalancer.LoadBalancerAutoConfiguration$DeferringLoadBalancerInterceptorConfig] is not eligible for getting processed by all BeanPostProcessors (for example: not eligible for auto-proxying). The currently created BeanPostProcessor [lbRestClientPostProcessor] is declared through a non-static factory method on that class; consider declaring it as static instead.
2024-10-29T16:37:23.653+05:30  WARN [users-ws, , ] 12744 --- [users-ws] [restartedMain] trationDelegate$BeanPostProcessorChecker : Bean 'deferringLoadBalancerInterceptor' of type [org.springframework.cloud.client.loadbalancer.DeferringLoadBalancerInterceptor] is not eligible for getting processed by all BeanPostProcessors (for example: not eligible for auto-proxying). Is this bean getting eagerly injected into a currently created BeanPostProcessor [lbRestClientPostProcessor]? Check the corresponding BeanPostProcessor declaration and its dependencies.
2024-10-29T16:37:24.570+05:30  INFO [users-ws, , ] 12744 --- [users-ws] [restartedMain] o.s.b.w.embedded.tomcat.TomcatWebServer  : Tomcat initialized with port 0 (http)
2024-10-29T16:37:24.591+05:30  INFO [users-ws, , ] 12744 --- [users-ws] [restartedMain] o.apache.catalina.core.StandardService   : Starting service [Tomcat]
2024-10-29T16:37:24.592+05:30  INFO [users-ws, , ] 12744 --- [users-ws] [restartedMain] o.apache.catalina.core.StandardEngine    : Starting Servlet engine: [Apache Tomcat/10.1.17]
2024-10-29T16:37:24.704+05:30  INFO [users-ws, , ] 12744 --- [users-ws] [restartedMain] o.a.c.c.C.[Tomcat].[localhost].[/]       : Initializing Spring embedded WebApplicationContext
2024-10-29T16:37:24.705+05:30  INFO [users-ws, , ] 12744 --- [users-ws] [restartedMain] w.s.c.ServletWebServerApplicationContext : Root WebApplicationContext: initialization completed in 4234 ms
2024-10-29T16:37:24.822+05:30  INFO [users-ws, , ] 12744 --- [users-ws] [restartedMain] com.zaxxer.hikari.HikariDataSource       : HikariPool-1 - Starting...
2024-10-29T16:37:25.150+05:30  INFO [users-ws, , ] 12744 --- [users-ws] [restartedMain] com.zaxxer.hikari.pool.HikariPool        : HikariPool-1 - Added connection conn0: url=jdbc:h2:mem:testdb user=SA
2024-10-29T16:37:25.154+05:30  INFO [users-ws, , ] 12744 --- [users-ws] [restartedMain] com.zaxxer.hikari.HikariDataSource       : HikariPool-1 - Start completed.
2024-10-29T16:37:25.173+05:30  INFO [users-ws, , ] 12744 --- [users-ws] [restartedMain] o.s.b.a.h2.H2ConsoleAutoConfiguration    : H2 console available at '/h2-console'. Database available at 'jdbc:h2:mem:testdb'
2024-10-29T16:37:25.535+05:30  INFO [users-ws, , ] 12744 --- [users-ws] [restartedMain] o.hibernate.jpa.internal.util.LogHelper  : HHH000204: Processing PersistenceUnitInfo [name: default]
2024-10-29T16:37:25.646+05:30  INFO [users-ws, , ] 12744 --- [users-ws] [restartedMain] org.hibernate.Version                    : HHH000412: Hibernate ORM core version 6.4.1.Final
2024-10-29T16:37:25.722+05:30  INFO [users-ws, , ] 12744 --- [users-ws] [restartedMain] o.h.c.internal.RegionFactoryInitiator    : HHH000026: Second-level cache disabled
2024-10-29T16:37:26.112+05:30  INFO [users-ws, , ] 12744 --- [users-ws] [restartedMain] o.s.o.j.p.SpringPersistenceUnitInfo      : No LoadTimeWeaver setup: ignoring JPA class transformer
2024-10-29T16:37:26.234+05:30  WARN [users-ws, , ] 12744 --- [users-ws] [restartedMain] org.hibernate.orm.deprecation            : HHH90000025: H2Dialect does not need to be specified explicitly using 'hibernate.dialect' (remove the property setting and it will be selected by default)
2024-10-29T16:37:28.107+05:30  INFO [users-ws, , ] 12744 --- [users-ws] [restartedMain] o.h.e.t.j.p.i.JtaPlatformInitiator       : HHH000489: No JTA platform available (set 'hibernate.transaction.jta.platform' to enable JTA platform integration)
2024-10-29T16:37:28.205+05:30  INFO [users-ws, , ] 12744 --- [users-ws] [restartedMain] j.LocalContainerEntityManagerFactoryBean : Initialized JPA EntityManagerFactory for persistence unit 'default'
2024-10-29T16:37:29.347+05:30  WARN [users-ws, , ] 12744 --- [users-ws] [restartedMain] JpaBaseConfiguration$JpaWebConfiguration : spring.jpa.open-in-view is enabled by default. Therefore, database queries may be performed during view rendering. Explicitly configure spring.jpa.open-in-view to disable this warning
2024-10-29T16:37:30.433+05:30  INFO [users-ws, , ] 12744 --- [users-ws] [restartedMain] o.s.s.web.DefaultSecurityFilterChain     : Will secure any request with [org.springframework.security.web.session.DisableEncodeUrlFilter@5e757f06, org.springframework.security.web.context.request.async.WebAsyncManagerIntegrationFilter@73991912, org.springframework.security.web.context.SecurityContextHolderFilter@3c4fd86, org.springframework.security.web.header.HeaderWriterFilter@75b01e67, org.springframework.web.filter.CorsFilter@5a9983c1, org.springframework.security.web.authentication.logout.LogoutFilter@1e2ba236, com.v2micro.security.AuthenticationFilter@7cb5f378, com.v2micro.security.AuthorizationFilter@9cd3ea7, org.springframework.security.web.savedrequest.RequestCacheAwareFilter@463c9c66, org.springframework.security.web.servletapi.SecurityContextHolderAwareRequestFilter@75c04540, org.springframework.security.web.authentication.AnonymousAuthenticationFilter@32a7f705, org.springframework.security.web.session.SessionManagementFilter@61b2925, org.springframework.security.web.access.ExceptionTranslationFilter@641a5ae3, org.springframework.security.web.access.intercept.AuthorizationFilter@38d331b]
2024-10-29T16:37:32.138+05:30  WARN [users-ws, , ] 12744 --- [users-ws] [restartedMain] o.s.b.d.a.OptionalLiveReloadServer       : Unable to start LiveReload server
2024-10-29T16:37:33.221+05:30  INFO [users-ws, , ] 12744 --- [users-ws] [restartedMain] o.s.cloud.commons.util.InetUtils         : Cannot determine local hostname
2024-10-29T16:37:33.337+05:30  INFO [users-ws, , ] 12744 --- [users-ws] [restartedMain] DiscoveryClientOptionalArgsConfiguration : Eureka HTTP Client uses RestTemplate.
2024-10-29T16:37:34.375+05:30  INFO [users-ws, , ] 12744 --- [users-ws] [restartedMain] o.s.cloud.commons.util.InetUtils         : Cannot determine local hostname
2024-10-29T16:37:34.678+05:30  WARN [users-ws, , ] 12744 --- [users-ws] [restartedMain] iguration$LoadBalancerCaffeineWarnLogger : Spring Cloud LoadBalancer is currently working with the default cache. While this cache implementation is useful for development and tests, it's recommended to use Caffeine cache in production.You can switch to using Caffeine cache, by adding it and org.springframework.cache.caffeine.CaffeineCacheManager to the classpath.
2024-10-29T16:37:34.811+05:30  INFO [users-ws, , ] 12744 --- [users-ws] [restartedMain] o.s.b.w.embedded.tomcat.TomcatWebServer  : Tomcat started on port 64076 (http) with context path ''
2024-10-29T16:37:34.815+05:30  INFO [users-ws, , ] 12744 --- [users-ws] [restartedMain] .s.c.n.e.s.EurekaAutoServiceRegistration : Updating port to 64076
2024-10-29T16:37:34.826+05:30  INFO [users-ws, , ] 12744 --- [users-ws] [restartedMain] o.s.c.n.eureka.InstanceInfoFactory       : Setting initial instance status as: STARTING
2024-10-29T16:37:34.898+05:30  INFO [users-ws, , ] 12744 --- [users-ws] [restartedMain] com.netflix.discovery.DiscoveryClient    : Initializing Eureka in region us-east-1
2024-10-29T16:37:34.905+05:30  INFO [users-ws, , ] 12744 --- [users-ws] [restartedMain] c.n.d.s.r.aws.ConfigClusterResolver      : Resolving eureka endpoints via configuration
2024-10-29T16:37:34.947+05:30  INFO [users-ws, , ] 12744 --- [users-ws] [restartedMain] com.netflix.discovery.DiscoveryClient    : Disable delta property : false
2024-10-29T16:37:34.947+05:30  INFO [users-ws, , ] 12744 --- [users-ws] [restartedMain] com.netflix.discovery.DiscoveryClient    : Single vip registry refresh property : null
2024-10-29T16:37:34.948+05:30  INFO [users-ws, , ] 12744 --- [users-ws] [restartedMain] com.netflix.discovery.DiscoveryClient    : Force full registry fetch : false
2024-10-29T16:37:34.948+05:30  INFO [users-ws, , ] 12744 --- [users-ws] [restartedMain] com.netflix.discovery.DiscoveryClient    : Application is null : false
2024-10-29T16:37:34.948+05:30  INFO [users-ws, , ] 12744 --- [users-ws] [restartedMain] com.netflix.discovery.DiscoveryClient    : Registered Applications size is zero : true
2024-10-29T16:37:34.948+05:30  INFO [users-ws, , ] 12744 --- [users-ws] [restartedMain] com.netflix.discovery.DiscoveryClient    : Application version is -1: true
2024-10-29T16:37:34.949+05:30  INFO [users-ws, , ] 12744 --- [users-ws] [restartedMain] com.netflix.discovery.DiscoveryClient    : Getting all instance registry info from the eureka server
2024-10-29T16:37:35.659+05:30  INFO [users-ws, , ] 12744 --- [users-ws] [restartedMain] com.netflix.discovery.DiscoveryClient    : The response status is 200
2024-10-29T16:37:35.663+05:30  INFO [users-ws, , ] 12744 --- [users-ws] [restartedMain] com.netflix.discovery.DiscoveryClient    : Starting heartbeat executor: renew interval is: 30
2024-10-29T16:37:35.667+05:30  INFO [users-ws, , ] 12744 --- [users-ws] [restartedMain] c.n.discovery.InstanceInfoReplicator     : InstanceInfoReplicator onDemand update allowed rate per min is 4
2024-10-29T16:37:35.675+05:30  INFO [users-ws, , ] 12744 --- [users-ws] [restartedMain] com.netflix.discovery.DiscoveryClient    : Discovery Client initialized at timestamp 1730200055674 with initial instances count: 1
2024-10-29T16:37:35.702+05:30  INFO [users-ws, , ] 12744 --- [users-ws] [restartedMain] o.s.c.n.e.s.EurekaServiceRegistry        : Registering application USERS-WS with eureka with status UP
2024-10-29T16:37:35.704+05:30  INFO [users-ws, , ] 12744 --- [users-ws] [restartedMain] com.netflix.discovery.DiscoveryClient    : Saw local status change event StatusChangeEvent [timestamp=1730200055704, current=UP, previous=STARTING]
2024-10-29T16:37:35.706+05:30  INFO [users-ws, , ] 12744 --- [users-ws] [DiscoveryClient-InstanceInfoReplicator-0] com.netflix.discovery.DiscoveryClient    : DiscoveryClient_USERS-WS/users-ws:f4eb187b650834e177764bcc43b0dce4: registering service...
2024-10-29T16:37:35.782+05:30  INFO [users-ws, , ] 12744 --- [users-ws] [DiscoveryClient-InstanceInfoReplicator-0] com.netflix.discovery.DiscoveryClient    : DiscoveryClient_USERS-WS/users-ws:f4eb187b650834e177764bcc43b0dce4 - registration status: 204
2024-10-29T16:37:36.730+05:30  INFO [users-ws, , ] 12744 --- [users-ws] [restartedMain] o.s.cloud.commons.util.InetUtils         : Cannot determine local hostname
2024-10-29T16:37:36.769+05:30  INFO [users-ws, , ] 12744 --- [users-ws] [restartedMain] com.v2micro.V2usermultiApplication       : Started V2usermultiApplication in 18.219 seconds (process running for 19.692)
2024-10-29T16:37:36.793+05:30  INFO [users-ws, , ] 12744 --- [users-ws] [restartedMain] com.v2micro.data.InitialUsersSetup       : From Application Ready Event
2024-10-29T16:38:33.826+05:30  INFO [users-ws, , ] 12744 --- [users-ws] [http-nio-auto-1-exec-2] o.a.c.c.C.[Tomcat].[localhost].[/]       : Initializing Spring DispatcherServlet 'dispatcherServlet'
2024-10-29T16:38:33.827+05:30  INFO [users-ws, , ] 12744 --- [users-ws] [http-nio-auto-1-exec-2] o.s.web.servlet.DispatcherServlet        : Initializing Servlet 'dispatcherServlet'
2024-10-29T16:38:33.830+05:30  INFO [users-ws, , ] 12744 --- [users-ws] [http-nio-auto-1-exec-2] o.s.web.servlet.DispatcherServlet        : Completed initialization in 3 ms
2024-10-29T16:42:34.954+05:30  INFO [users-ws, , ] 12744 --- [users-ws] [AsyncResolver-bootstrap-executor-0] c.n.d.s.r.aws.ConfigClusterResolver      : Resolving eureka endpoints via configuration
2024-10-29T16:47:34.966+05:30  INFO [users-ws, , ] 12744 --- [users-ws] [AsyncResolver-bootstrap-executor-0] c.n.d.s.r.aws.ConfigClusterResolver      : Resolving eureka endpoints via configuration
2024-10-29T16:52:34.975+05:30  INFO [users-ws, , ] 12744 --- [users-ws] [AsyncResolver-bootstrap-executor-0] c.n.d.s.r.aws.ConfigClusterResolver      : Resolving eureka endpoints via configuration
2024-10-29T16:57:34.988+05:30  INFO [users-ws, , ] 12744 --- [users-ws] [AsyncResolver-bootstrap-executor-0] c.n.d.s.r.aws.ConfigClusterResolver      : Resolving eureka endpoints via configuration
2024-10-29T17:02:35.001+05:30  INFO [users-ws, , ] 12744 --- [users-ws] [AsyncResolver-bootstrap-executor-0] c.n.d.s.r.aws.ConfigClusterResolver      : Resolving eureka endpoints via configuration
